<?xml version="1.0" encoding="UTF-8"?>
<testsuite name="com.sparta.assignment.AssignmentApplicationTests" tests="1" skipped="0" failures="0" errors="0" timestamp="2023-04-17T08:54:16" hostname="DESKTOP-U8QCPS1" time="0.144">
  <properties/>
  <testcase name="contextLoads()" classname="com.sparta.assignment.AssignmentApplicationTests" time="0.144"/>
  <system-out><![CDATA[17:54:13.557 [Test worker] DEBUG org.springframework.boot.test.context.SpringBootTestContextBootstrapper -- Neither @ContextConfiguration nor @ContextHierarchy found for test class [AssignmentApplicationTests]: using SpringBootContextLoader
17:54:13.561 [Test worker] DEBUG org.springframework.test.context.support.AbstractContextLoader -- Could not detect default resource locations for test class [com.sparta.assignment.AssignmentApplicationTests]: no resource found for suffixes {-context.xml, Context.groovy}.
17:54:13.562 [Test worker] INFO org.springframework.test.context.support.AnnotationConfigContextLoaderUtils -- Could not detect default configuration classes for test class [com.sparta.assignment.AssignmentApplicationTests]: AssignmentApplicationTests does not declare any static, non-private, non-final, nested classes annotated with @Configuration.
17:54:13.580 [Test worker] DEBUG org.springframework.boot.test.context.SpringBootTestContextBootstrapper -- Using ContextCustomizers for test class [AssignmentApplicationTests]: [DisableObservabilityContextCustomizer, PropertyMappingContextCustomizer, Customizer, ExcludeFilterContextCustomizer, DuplicateJsonObjectContextCustomizer, MockitoContextCustomizer, TestRestTemplateContextCustomizer]
17:54:13.632 [Test worker] DEBUG org.springframework.context.annotation.ClassPathScanningCandidateComponentProvider -- Identified candidate component class: file [C:\Users\kws0528\Desktop\assignment\build\classes\java\main\com\sparta\assignment\AssignmentApplication.class]
17:54:13.633 [Test worker] INFO org.springframework.boot.test.context.SpringBootTestContextBootstrapper -- Found @SpringBootConfiguration com.sparta.assignment.AssignmentApplication for test class com.sparta.assignment.AssignmentApplicationTests
17:54:13.725 [Test worker] DEBUG org.springframework.boot.test.context.SpringBootTestContextBootstrapper -- Using TestExecutionListeners for test class [AssignmentApplicationTests]: [ServletTestExecutionListener, DirtiesContextBeforeModesTestExecutionListener, ApplicationEventsTestExecutionListener, MockitoTestExecutionListener, DependencyInjectionTestExecutionListener, DirtiesContextTestExecutionListener, TransactionalTestExecutionListener, SqlScriptsTestExecutionListener, EventPublishingTestExecutionListener, RestDocsTestExecutionListener, MockRestServiceServerResetTestExecutionListener, MockMvcPrintOnlyOnFailureTestExecutionListener, WebDriverTestExecutionListener, MockWebServiceServerTestExecutionListener, ResetMocksTestExecutionListener]
17:54:13.726 [Test worker] DEBUG org.springframework.test.context.support.AbstractDirtiesContextTestExecutionListener -- Before test class: class [AssignmentApplicationTests], class annotated with @DirtiesContext [false] with mode [null]

  .   ____          _            __ _ _
 /\\ / ___'_ __ _ _(_)_ __  __ _ \ \ \ \
( ( )\___ | '_ | '_| | '_ \/ _` | \ \ \ \
 \\/  ___)| |_)| | | | | || (_| |  ) ) ) )
  '  |____| .__|_| |_|_| |_\__, | / / / /
 =========|_|==============|___/=/_/_/_/
 :: Spring Boot ::                (v3.0.5)

2023-04-17T17:54:13.943+09:00  INFO 12436 --- [    Test worker] c.s.a.AssignmentApplicationTests         : Starting AssignmentApplicationTests using Java 17.0.6 with PID 12436 (started by kws0528 in C:\Users\kws0528\Desktop\assignment)
2023-04-17T17:54:13.944+09:00  INFO 12436 --- [    Test worker] c.s.a.AssignmentApplicationTests         : No active profile set, falling back to 1 default profile: "default"
2023-04-17T17:54:14.425+09:00  INFO 12436 --- [    Test worker] .s.d.r.c.RepositoryConfigurationDelegate : Bootstrapping Spring Data JPA repositories in DEFAULT mode.
2023-04-17T17:54:14.464+09:00  INFO 12436 --- [    Test worker] .s.d.r.c.RepositoryConfigurationDelegate : Finished Spring Data repository scanning in 33 ms. Found 1 JPA repository interfaces.
2023-04-17T17:54:14.768+09:00  INFO 12436 --- [    Test worker] com.zaxxer.hikari.HikariDataSource       : HikariPool-1 - Starting...
2023-04-17T17:54:14.928+09:00  INFO 12436 --- [    Test worker] com.zaxxer.hikari.pool.HikariPool        : HikariPool-1 - Added connection conn0: url=jdbc:h2:mem:db user=SA
2023-04-17T17:54:14.930+09:00  INFO 12436 --- [    Test worker] com.zaxxer.hikari.HikariDataSource       : HikariPool-1 - Start completed.
2023-04-17T17:54:14.972+09:00  INFO 12436 --- [    Test worker] o.hibernate.jpa.internal.util.LogHelper  : HHH000204: Processing PersistenceUnitInfo [name: default]
2023-04-17T17:54:15.030+09:00  INFO 12436 --- [    Test worker] org.hibernate.Version                    : HHH000412: Hibernate ORM core version 6.1.7.Final
2023-04-17T17:54:15.330+09:00  INFO 12436 --- [    Test worker] SQL dialect                              : HHH000400: Using dialect: org.hibernate.dialect.H2Dialect
2023-04-17T17:54:15.992+09:00  INFO 12436 --- [    Test worker] o.h.e.t.j.p.i.JtaPlatformInitiator       : HHH000490: Using JtaPlatform implementation: [org.hibernate.engine.transaction.jta.platform.internal.NoJtaPlatform]
2023-04-17T17:54:15.999+09:00  INFO 12436 --- [    Test worker] j.LocalContainerEntityManagerFactoryBean : Initialized JPA EntityManagerFactory for persistence unit 'default'
2023-04-17T17:54:16.445+09:00  WARN 12436 --- [    Test worker] JpaBaseConfiguration$JpaWebConfiguration : spring.jpa.open-in-view is enabled by default. Therefore, database queries may be performed during view rendering. Explicitly configure spring.jpa.open-in-view to disable this warning
2023-04-17T17:54:16.662+09:00  INFO 12436 --- [    Test worker] o.s.b.a.w.s.WelcomePageHandlerMapping    : Adding welcome page template: index
2023-04-17T17:54:16.838+09:00  INFO 12436 --- [    Test worker] o.s.b.a.h2.H2ConsoleAutoConfiguration    : H2 console available at '/h2-console'. Database available at 'jdbc:h2:mem:db'
2023-04-17T17:54:16.880+09:00  INFO 12436 --- [    Test worker] c.s.a.AssignmentApplicationTests         : Started AssignmentApplicationTests in 3.114 seconds (process running for 3.987)
]]></system-out>
  <system-err><![CDATA[]]></system-err>
</testsuite>
